This file contains any messages produced by compilers while
running configure, to aid debugging if configure makes a mistake.

It was created by stardict configure 2.4.8, which was
generated by GNU Autoconf 2.59.  Invocation command line was

  $ ./configure 

## --------- ##
## Platform. ##
## --------- ##

hostname = myredhat
uname -m = i686
uname -r = 2.6.32-358.el6.i686
uname -s = Linux
uname -v = #1 SMP Tue Jan 29 11:48:01 EST 2013

/usr/bin/uname -p = unknown
/bin/uname -X     = unknown

/bin/arch              = i686
/usr/bin/arch -k       = unknown
/usr/convex/getsysinfo = unknown
hostinfo               = unknown
/bin/machine           = unknown
/usr/bin/oslevel       = unknown
/bin/universe          = unknown

PATH: /usr/lib/qt-3.3/bin
PATH: /usr/local/sbin
PATH: /usr/local/bin
PATH: /sbin
PATH: /bin
PATH: /usr/sbin
PATH: /usr/bin
PATH: /home/chenfeng/chenfeng/JavaDev/jdk1.7.0_67/bin
PATH: /root/bin


## ----------- ##
## Core tests. ##
## ----------- ##

configure:1581: checking for a BSD-compatible install
configure:1636: result: /usr/bin/install -c
configure:1647: checking whether build environment is sane
configure:1690: result: yes
configure:1755: checking for gawk
configure:1771: found /bin/gawk
configure:1781: result: gawk
configure:1791: checking whether make sets $(MAKE)
configure:1811: result: yes
configure:1980: checking whether to enable maintainer-specific portions of Makefiles
configure:1989: result: no
configure:2034: checking for gconftool-2
configure:2052: found /usr/bin/gconftool-2
configure:2064: result: /usr/bin/gconftool-2
configure:2083: checking for intltool >= 0.22
configure:2090: result: 0.34.2 found
configure:2146: checking for perl
configure:2164: found /usr/bin/perl
configure:2176: result: /usr/bin/perl
configure:2194: checking for XML::Parser
configure:2197: result: ok
configure:2208: checking for iconv
configure:2226: found /usr/bin/iconv
configure:2239: result: /usr/bin/iconv
configure:2248: checking for msgfmt
configure:2266: found /usr/bin/msgfmt
configure:2279: result: /usr/bin/msgfmt
configure:2288: checking for msgmerge
configure:2306: found /usr/bin/msgmerge
configure:2319: result: /usr/bin/msgmerge
configure:2328: checking for xgettext
configure:2346: found /usr/bin/xgettext
configure:2359: result: /usr/bin/xgettext
configure:2429: checking build system type
configure:2447: result: i686-redhat-linux-gnu
configure:2455: checking host system type
configure:2469: result: i686-redhat-linux-gnu
configure:2489: checking for style of include used by make
configure:2517: result: GNU
configure:2588: checking for gcc
configure:2604: found /usr/bin/gcc
configure:2614: result: gcc
configure:2858: checking for C compiler version
configure:2861: gcc --version </dev/null >&5
gcc (GCC) 4.4.7 20120313 (Red Hat 4.4.7-3)
Copyright (C) 2010 Free Software Foundation, Inc.
This is free software; see the source for copying conditions.  There is NO
warranty; not even for MERCHANTABILITY or FITNESS FOR A PARTICULAR PURPOSE.

configure:2864: $? = 0
configure:2866: gcc -v </dev/null >&5
Using built-in specs.
Target: i686-redhat-linux
Configured with: ../configure --prefix=/usr --mandir=/usr/share/man --infodir=/usr/share/info --with-bugurl=http://bugzilla.redhat.com/bugzilla --enable-bootstrap --enable-shared --enable-threads=posix --enable-checking=release --with-system-zlib --enable-__cxa_atexit --disable-libunwind-exceptions --enable-gnu-unique-object --enable-languages=c,c++,objc,obj-c++,java,fortran,ada --enable-java-awt=gtk --disable-dssi --with-java-home=/usr/lib/jvm/java-1.5.0-gcj-1.5.0.0/jre --enable-libgcj-multifile --enable-java-maintainer-mode --with-ecj-jar=/usr/share/java/eclipse-ecj.jar --disable-libjava-multilib --with-ppl --with-cloog --with-tune=generic --with-arch=i686 --build=i686-redhat-linux
Thread model: posix
gcc version 4.4.7 20120313 (Red Hat 4.4.7-3) (GCC) 
configure:2869: $? = 0
configure:2871: gcc -V </dev/null >&5
gcc: '-V' option must have argument
configure:2874: $? = 1
configure:2897: checking for C compiler default output file name
configure:2900: gcc    conftest.c  >&5
configure:2903: $? = 0
configure:2949: result: a.out
configure:2954: checking whether the C compiler works
configure:2960: ./a.out
configure:2963: $? = 0
configure:2980: result: yes
configure:2987: checking whether we are cross compiling
configure:2989: result: no
configure:2992: checking for suffix of executables
configure:2994: gcc -o conftest    conftest.c  >&5
configure:2997: $? = 0
configure:3022: result: 
configure:3028: checking for suffix of object files
configure:3049: gcc -c   conftest.c >&5
configure:3052: $? = 0
configure:3074: result: o
configure:3078: checking whether we are using the GNU C compiler
configure:3102: gcc -c   conftest.c >&5
configure:3108: $? = 0
configure:3112: test -z 
			 || test ! -s conftest.err
configure:3115: $? = 0
configure:3118: test -s conftest.o
configure:3121: $? = 0
configure:3134: result: yes
configure:3140: checking whether gcc accepts -g
configure:3161: gcc -c -g  conftest.c >&5
configure:3167: $? = 0
configure:3171: test -z 
			 || test ! -s conftest.err
configure:3174: $? = 0
configure:3177: test -s conftest.o
configure:3180: $? = 0
configure:3191: result: yes
configure:3208: checking for gcc option to accept ANSI C
configure:3278: gcc  -c -g -O2  conftest.c >&5
configure:3284: $? = 0
configure:3288: test -z 
			 || test ! -s conftest.err
configure:3291: $? = 0
configure:3294: test -s conftest.o
configure:3297: $? = 0
configure:3315: result: none needed
configure:3333: gcc -c -g -O2  conftest.c >&5
conftest.c:2: error: expected '=', ',', ';', 'asm' or '__attribute__' before 'me'
configure:3339: $? = 1
configure: failed program was:
| #ifndef __cplusplus
|   choke me
| #endif
configure:3474: checking dependency style of gcc
configure:3564: result: gcc3
configure:3581: checking for a sed that does not truncate output
configure:3635: result: /bin/sed
configure:3638: checking for egrep
configure:3648: result: grep -E
configure:3664: checking for ld used by gcc
configure:3731: result: /usr/bin/ld
configure:3740: checking if the linker (/usr/bin/ld) is GNU ld
configure:3755: result: yes
configure:3760: checking for /usr/bin/ld option to reload object files
configure:3767: result: -r
configure:3785: checking for BSD-compatible nm
configure:3834: result: /usr/bin/nm -B
configure:3838: checking whether ln -s works
configure:3842: result: yes
configure:3849: checking how to recognise dependent libraries
configure:4025: result: pass_all
configure:4262: checking how to run the C preprocessor
configure:4297: gcc -E  conftest.c
configure:4303: $? = 0
configure:4335: gcc -E  conftest.c
conftest.c:11:28: error: ac_nonexistent.h: No such file or directory
configure:4341: $? = 1
configure: failed program was:
| /* confdefs.h.  */
| 
| #define PACKAGE_NAME "stardict"
| #define PACKAGE_TARNAME "stardict"
| #define PACKAGE_VERSION "2.4.8"
| #define PACKAGE_STRING "stardict 2.4.8"
| #define PACKAGE_BUGREPORT "http://stardict.sourceforge.net"
| #define PACKAGE "stardict"
| #define VERSION "2.4.8"
| /* end confdefs.h.  */
| #include <ac_nonexistent.h>
configure:4380: result: gcc -E
configure:4404: gcc -E  conftest.c
configure:4410: $? = 0
configure:4442: gcc -E  conftest.c
conftest.c:11:28: error: ac_nonexistent.h: No such file or directory
configure:4448: $? = 1
configure: failed program was:
| /* confdefs.h.  */
| 
| #define PACKAGE_NAME "stardict"
| #define PACKAGE_TARNAME "stardict"
| #define PACKAGE_VERSION "2.4.8"
| #define PACKAGE_STRING "stardict 2.4.8"
| #define PACKAGE_BUGREPORT "http://stardict.sourceforge.net"
| #define PACKAGE "stardict"
| #define VERSION "2.4.8"
| /* end confdefs.h.  */
| #include <ac_nonexistent.h>
configure:4492: checking for ANSI C header files
configure:4517: gcc -c -g -O2  conftest.c >&5
configure:4523: $? = 0
configure:4527: test -z 
			 || test ! -s conftest.err
configure:4530: $? = 0
configure:4533: test -s conftest.o
configure:4536: $? = 0
configure:4625: gcc -o conftest -g -O2   conftest.c  >&5
conftest.c: In function 'main':
conftest.c:28: warning: incompatible implicit declaration of built-in function 'exit'
configure:4628: $? = 0
configure:4630: ./conftest
configure:4633: $? = 0
configure:4648: result: yes
configure:4672: checking for sys/types.h
configure:4688: gcc -c -g -O2  conftest.c >&5
configure:4694: $? = 0
configure:4698: test -z 
			 || test ! -s conftest.err
configure:4701: $? = 0
configure:4704: test -s conftest.o
configure:4707: $? = 0
configure:4718: result: yes
configure:4672: checking for sys/stat.h
configure:4688: gcc -c -g -O2  conftest.c >&5
configure:4694: $? = 0
configure:4698: test -z 
			 || test ! -s conftest.err
configure:4701: $? = 0
configure:4704: test -s conftest.o
configure:4707: $? = 0
configure:4718: result: yes
configure:4672: checking for stdlib.h
configure:4688: gcc -c -g -O2  conftest.c >&5
configure:4694: $? = 0
configure:4698: test -z 
			 || test ! -s conftest.err
configure:4701: $? = 0
configure:4704: test -s conftest.o
configure:4707: $? = 0
configure:4718: result: yes
configure:4672: checking for string.h
configure:4688: gcc -c -g -O2  conftest.c >&5
configure:4694: $? = 0
configure:4698: test -z 
			 || test ! -s conftest.err
configure:4701: $? = 0
configure:4704: test -s conftest.o
configure:4707: $? = 0
configure:4718: result: yes
configure:4672: checking for memory.h
configure:4688: gcc -c -g -O2  conftest.c >&5
configure:4694: $? = 0
configure:4698: test -z 
			 || test ! -s conftest.err
configure:4701: $? = 0
configure:4704: test -s conftest.o
configure:4707: $? = 0
configure:4718: result: yes
configure:4672: checking for strings.h
configure:4688: gcc -c -g -O2  conftest.c >&5
configure:4694: $? = 0
configure:4698: test -z 
			 || test ! -s conftest.err
configure:4701: $? = 0
configure:4704: test -s conftest.o
configure:4707: $? = 0
configure:4718: result: yes
configure:4672: checking for inttypes.h
configure:4688: gcc -c -g -O2  conftest.c >&5
configure:4694: $? = 0
configure:4698: test -z 
			 || test ! -s conftest.err
configure:4701: $? = 0
configure:4704: test -s conftest.o
configure:4707: $? = 0
configure:4718: result: yes
configure:4672: checking for stdint.h
configure:4688: gcc -c -g -O2  conftest.c >&5
configure:4694: $? = 0
configure:4698: test -z 
			 || test ! -s conftest.err
configure:4701: $? = 0
configure:4704: test -s conftest.o
configure:4707: $? = 0
configure:4718: result: yes
configure:4672: checking for unistd.h
configure:4688: gcc -c -g -O2  conftest.c >&5
configure:4694: $? = 0
configure:4698: test -z 
			 || test ! -s conftest.err
configure:4701: $? = 0
configure:4704: test -s conftest.o
configure:4707: $? = 0
configure:4718: result: yes
configure:4744: checking dlfcn.h usability
configure:4756: gcc -c -g -O2  conftest.c >&5
configure:4762: $? = 0
configure:4766: test -z 
			 || test ! -s conftest.err
configure:4769: $? = 0
configure:4772: test -s conftest.o
configure:4775: $? = 0
configure:4785: result: yes
configure:4789: checking dlfcn.h presence
configure:4799: gcc -E  conftest.c
configure:4805: $? = 0
configure:4825: result: yes
configure:4860: checking for dlfcn.h
configure:4867: result: yes
configure:4932: checking for g++
configure:4948: found /usr/bin/g++
configure:4958: result: g++
configure:4974: checking for C++ compiler version
configure:4977: g++ --version </dev/null >&5
g++ (GCC) 4.4.7 20120313 (Red Hat 4.4.7-3)
Copyright (C) 2010 Free Software Foundation, Inc.
This is free software; see the source for copying conditions.  There is NO
warranty; not even for MERCHANTABILITY or FITNESS FOR A PARTICULAR PURPOSE.

configure:4980: $? = 0
configure:4982: g++ -v </dev/null >&5
Using built-in specs.
Target: i686-redhat-linux
Configured with: ../configure --prefix=/usr --mandir=/usr/share/man --infodir=/usr/share/info --with-bugurl=http://bugzilla.redhat.com/bugzilla --enable-bootstrap --enable-shared --enable-threads=posix --enable-checking=release --with-system-zlib --enable-__cxa_atexit --disable-libunwind-exceptions --enable-gnu-unique-object --enable-languages=c,c++,objc,obj-c++,java,fortran,ada --enable-java-awt=gtk --disable-dssi --with-java-home=/usr/lib/jvm/java-1.5.0-gcj-1.5.0.0/jre --enable-libgcj-multifile --enable-java-maintainer-mode --with-ecj-jar=/usr/share/java/eclipse-ecj.jar --disable-libjava-multilib --with-ppl --with-cloog --with-tune=generic --with-arch=i686 --build=i686-redhat-linux
Thread model: posix
gcc version 4.4.7 20120313 (Red Hat 4.4.7-3) (GCC) 
configure:4985: $? = 0
configure:4987: g++ -V </dev/null >&5
g++: '-V' option must have argument
configure:4990: $? = 1
configure:4993: checking whether we are using the GNU C++ compiler
configure:5017: g++ -c   conftest.cc >&5
configure:5023: $? = 0
configure:5027: test -z 
			 || test ! -s conftest.err
configure:5030: $? = 0
configure:5033: test -s conftest.o
configure:5036: $? = 0
configure:5049: result: yes
configure:5055: checking whether g++ accepts -g
configure:5076: g++ -c -g  conftest.cc >&5
configure:5082: $? = 0
configure:5086: test -z 
			 || test ! -s conftest.err
configure:5089: $? = 0
configure:5092: test -s conftest.o
configure:5095: $? = 0
configure:5106: result: yes
configure:5148: g++ -c -g -O2  conftest.cc >&5
configure:5154: $? = 0
configure:5158: test -z 
			 || test ! -s conftest.err
configure:5161: $? = 0
configure:5164: test -s conftest.o
configure:5167: $? = 0
configure:5193: g++ -c -g -O2  conftest.cc >&5
conftest.cc: In function 'int main()':
conftest.cc:26: error: 'exit' was not declared in this scope
configure:5199: $? = 1
configure: failed program was:
| /* confdefs.h.  */
| 
| #define PACKAGE_NAME "stardict"
| #define PACKAGE_TARNAME "stardict"
| #define PACKAGE_VERSION "2.4.8"
| #define PACKAGE_STRING "stardict 2.4.8"
| #define PACKAGE_BUGREPORT "http://stardict.sourceforge.net"
| #define PACKAGE "stardict"
| #define VERSION "2.4.8"
| #define STDC_HEADERS 1
| #define HAVE_SYS_TYPES_H 1
| #define HAVE_SYS_STAT_H 1
| #define HAVE_STDLIB_H 1
| #define HAVE_STRING_H 1
| #define HAVE_MEMORY_H 1
| #define HAVE_STRINGS_H 1
| #define HAVE_INTTYPES_H 1
| #define HAVE_STDINT_H 1
| #define HAVE_UNISTD_H 1
| #define HAVE_DLFCN_H 1
| /* end confdefs.h.  */
| 
| int
| main ()
| {
| exit (42);
|   ;
|   return 0;
| }
configure:5148: g++ -c -g -O2  conftest.cc >&5
conftest.cc:22: error: 'void std::exit(int)' should have been declared inside 'std'
configure:5154: $? = 1
configure: failed program was:
| /* confdefs.h.  */
| 
| #define PACKAGE_NAME "stardict"
| #define PACKAGE_TARNAME "stardict"
| #define PACKAGE_VERSION "2.4.8"
| #define PACKAGE_STRING "stardict 2.4.8"
| #define PACKAGE_BUGREPORT "http://stardict.sourceforge.net"
| #define PACKAGE "stardict"
| #define VERSION "2.4.8"
| #define STDC_HEADERS 1
| #define HAVE_SYS_TYPES_H 1
| #define HAVE_SYS_STAT_H 1
| #define HAVE_STDLIB_H 1
| #define HAVE_STRING_H 1
| #define HAVE_MEMORY_H 1
| #define HAVE_STRINGS_H 1
| #define HAVE_INTTYPES_H 1
| #define HAVE_STDINT_H 1
| #define HAVE_UNISTD_H 1
| #define HAVE_DLFCN_H 1
| /* end confdefs.h.  */
| extern "C" void std::exit (int) throw (); using std::exit;
| #include <stdlib.h>
| int
| main ()
| {
| exit (42);
|   ;
|   return 0;
| }
configure:5148: g++ -c -g -O2  conftest.cc >&5
conftest.cc:22: error: 'void std::exit(int)' should have been declared inside 'std'
In file included from conftest.cc:23:
/usr/include/stdlib.h:544: error: declaration of 'void std::exit(int) throw ()' throws different exceptions
conftest.cc:22: error: from previous declaration 'void std::exit(int)'
configure:5154: $? = 1
configure: failed program was:
| /* confdefs.h.  */
| 
| #define PACKAGE_NAME "stardict"
| #define PACKAGE_TARNAME "stardict"
| #define PACKAGE_VERSION "2.4.8"
| #define PACKAGE_STRING "stardict 2.4.8"
| #define PACKAGE_BUGREPORT "http://stardict.sourceforge.net"
| #define PACKAGE "stardict"
| #define VERSION "2.4.8"
| #define STDC_HEADERS 1
| #define HAVE_SYS_TYPES_H 1
| #define HAVE_SYS_STAT_H 1
| #define HAVE_STDLIB_H 1
| #define HAVE_STRING_H 1
| #define HAVE_MEMORY_H 1
| #define HAVE_STRINGS_H 1
| #define HAVE_INTTYPES_H 1
| #define HAVE_STDINT_H 1
| #define HAVE_UNISTD_H 1
| #define HAVE_DLFCN_H 1
| /* end confdefs.h.  */
| extern "C" void std::exit (int); using std::exit;
| #include <stdlib.h>
| int
| main ()
| {
| exit (42);
|   ;
|   return 0;
| }
configure:5148: g++ -c -g -O2  conftest.cc >&5
configure:5154: $? = 0
configure:5158: test -z 
			 || test ! -s conftest.err
configure:5161: $? = 0
configure:5164: test -s conftest.o
configure:5167: $? = 0
configure:5193: g++ -c -g -O2  conftest.cc >&5
configure:5199: $? = 0
configure:5203: test -z 
			 || test ! -s conftest.err
configure:5206: $? = 0
configure:5209: test -s conftest.o
configure:5212: $? = 0
configure:5237: checking dependency style of g++
configure:5327: result: gcc3
configure:5354: checking how to run the C++ preprocessor
configure:5385: g++ -E  conftest.cc
configure:5391: $? = 0
configure:5423: g++ -E  conftest.cc
conftest.cc:25:28: error: ac_nonexistent.h: No such file or directory
configure:5429: $? = 1
configure: failed program was:
| /* confdefs.h.  */
| 
| #define PACKAGE_NAME "stardict"
| #define PACKAGE_TARNAME "stardict"
| #define PACKAGE_VERSION "2.4.8"
| #define PACKAGE_STRING "stardict 2.4.8"
| #define PACKAGE_BUGREPORT "http://stardict.sourceforge.net"
| #define PACKAGE "stardict"
| #define VERSION "2.4.8"
| #define STDC_HEADERS 1
| #define HAVE_SYS_TYPES_H 1
| #define HAVE_SYS_STAT_H 1
| #define HAVE_STDLIB_H 1
| #define HAVE_STRING_H 1
| #define HAVE_MEMORY_H 1
| #define HAVE_STRINGS_H 1
| #define HAVE_INTTYPES_H 1
| #define HAVE_STDINT_H 1
| #define HAVE_UNISTD_H 1
| #define HAVE_DLFCN_H 1
| #ifdef __cplusplus
| extern "C" void exit (int) throw ();
| #endif
| /* end confdefs.h.  */
| #include <ac_nonexistent.h>
configure:5468: result: g++ -E
configure:5492: g++ -E  conftest.cc
configure:5498: $? = 0
configure:5530: g++ -E  conftest.cc
conftest.cc:25:28: error: ac_nonexistent.h: No such file or directory
configure:5536: $? = 1
configure: failed program was:
| /* confdefs.h.  */
| 
| #define PACKAGE_NAME "stardict"
| #define PACKAGE_TARNAME "stardict"
| #define PACKAGE_VERSION "2.4.8"
| #define PACKAGE_STRING "stardict 2.4.8"
| #define PACKAGE_BUGREPORT "http://stardict.sourceforge.net"
| #define PACKAGE "stardict"
| #define VERSION "2.4.8"
| #define STDC_HEADERS 1
| #define HAVE_SYS_TYPES_H 1
| #define HAVE_SYS_STAT_H 1
| #define HAVE_STDLIB_H 1
| #define HAVE_STRING_H 1
| #define HAVE_MEMORY_H 1
| #define HAVE_STRINGS_H 1
| #define HAVE_INTTYPES_H 1
| #define HAVE_STDINT_H 1
| #define HAVE_UNISTD_H 1
| #define HAVE_DLFCN_H 1
| #ifdef __cplusplus
| extern "C" void exit (int) throw ();
| #endif
| /* end confdefs.h.  */
| #include <ac_nonexistent.h>
configure:5633: checking for g77
configure:5662: result: no
configure:5633: checking for f77
configure:5662: result: no
configure:5633: checking for xlf
configure:5662: result: no
configure:5633: checking for frt
configure:5662: result: no
configure:5633: checking for pgf77
configure:5662: result: no
configure:5633: checking for fort77
configure:5662: result: no
configure:5633: checking for fl32
configure:5662: result: no
configure:5633: checking for af77
configure:5662: result: no
configure:5633: checking for f90
configure:5662: result: no
configure:5633: checking for xlf90
configure:5662: result: no
configure:5633: checking for pgf90
configure:5662: result: no
configure:5633: checking for epcf90
configure:5662: result: no
configure:5633: checking for f95
configure:5662: result: no
configure:5633: checking for fort
configure:5662: result: no
configure:5633: checking for xlf95
configure:5662: result: no
configure:5633: checking for ifc
configure:5662: result: no
configure:5633: checking for efc
configure:5662: result: no
configure:5633: checking for pgf95
configure:5662: result: no
configure:5633: checking for lf95
configure:5662: result: no
configure:5633: checking for gfortran
configure:5662: result: no
configure:5674: checking for Fortran 77 compiler version
configure:5677:  --version </dev/null >&5
./configure: line 5678: --version: command not found
configure:5680: $? = 127
configure:5682:  -v </dev/null >&5
./configure: line 5683: -v: command not found
configure:5685: $? = 127
configure:5687:  -V </dev/null >&5
./configure: line 5688: -V: command not found
configure:5690: $? = 127
configure:5698: checking whether we are using the GNU Fortran 77 compiler
configure:5712:  -c  conftest.F >&5
./configure: line 5713: -c: command not found
configure:5718: $? = 127
configure: failed program was:
|       program main
| #ifndef __GNUC__
|        choke me
| #endif
| 
|       end
configure:5744: result: no
configure:5750: checking whether  accepts -g
configure:5762:  -c -g conftest.f >&5
./configure: line 5763: -c: command not found
configure:5768: $? = 127
configure: failed program was:
|       program main
| 
|       end
configure:5793: result: no
configure:5823: checking the maximum length of command line arguments
configure:5932: result: 32768
configure:5943: checking command to parse /usr/bin/nm -B output from gcc object
configure:6048: gcc -c -g -O2  conftest.c >&5
configure:6051: $? = 0
configure:6055: /usr/bin/nm -B conftest.o \| sed -n -e 's/^.*[ 	]\([ABCDGIRSTW][ABCDGIRSTW]*\)[ 	][ 	]*\([_A-Za-z][_A-Za-z0-9]*\)$/\1 \2 \2/p' \> conftest.nm
configure:6058: $? = 0
configure:6110: gcc -o conftest -g -O2   conftest.c conftstm.o >&5
configure:6113: $? = 0
configure:6151: result: ok
configure:6155: checking for objdir
configure:6170: result: .libs
configure:6260: checking for ar
configure:6276: found /usr/bin/ar
configure:6287: result: ar
configure:6340: checking for ranlib
configure:6356: found /usr/bin/ranlib
configure:6367: result: ranlib
configure:6420: checking for strip
configure:6436: found /usr/bin/strip
configure:6447: result: strip
configure:6719: checking if gcc supports -fno-rtti -fno-exceptions
configure:6737: gcc -c -g -O2  -fno-rtti -fno-exceptions conftest.c >&5
cc1: warning: command line option "-fno-rtti" is valid for C++/ObjC++ but not for C
configure:6741: $? = 0
configure:6754: result: no
configure:6769: checking for gcc option to produce PIC
configure:6979: result: -fPIC
configure:6987: checking if gcc PIC flag -fPIC works
configure:7005: gcc -c -g -O2  -fPIC -DPIC conftest.c >&5
configure:7009: $? = 0
configure:7022: result: yes
configure:7050: checking if gcc static flag -static works
configure:7078: result: no
configure:7088: checking if gcc supports -c -o file.o
configure:7109: gcc -c -g -O2  -o out/conftest2.o conftest.c >&5
configure:7113: $? = 0
configure:7135: result: yes
configure:7161: checking whether the gcc linker (/usr/bin/ld) supports shared libraries
configure:8119: result: yes
configure:8140: checking whether -lc should be explicitly linked in
configure:8145: gcc -c -g -O2  conftest.c >&5
configure:8148: $? = 0
configure:8163: gcc -shared conftest.o  -v -Wl,-soname -Wl,conftest -o conftest 2\>\&1 \| grep  -lc  \>/dev/null 2\>\&1
configure:8166: $? = 0
configure:8178: result: no
configure:8186: checking dynamic linker characteristics
configure:8795: result: GNU/Linux ld.so
configure:8804: checking how to hardcode library paths into programs
configure:8829: result: immediate
configure:8843: checking whether stripping libraries is possible
configure:8848: result: yes
configure:9682: checking if libtool supports shared libraries
configure:9684: result: yes
configure:9687: checking whether to build shared libraries
configure:9708: result: yes
configure:9711: checking whether to build static libraries
configure:9715: result: no
configure:9807: creating libtool
configure:10395: checking for ld used by g++
configure:10462: result: /usr/bin/ld
configure:10471: checking if the linker (/usr/bin/ld) is GNU ld
configure:10486: result: yes
configure:10537: checking whether the g++ linker (/usr/bin/ld) supports shared libraries
configure:11475: result: yes
configure:11493: g++ -c -g -O2  conftest.cpp >&5
configure:11496: $? = 0
configure:11615: checking for g++ option to produce PIC
configure:11889: result: -fPIC
configure:11897: checking if g++ PIC flag -fPIC works
configure:11915: g++ -c -g -O2  -fPIC -DPIC conftest.cpp >&5
configure:11919: $? = 0
configure:11932: result: yes
configure:11960: checking if g++ static flag -static works
configure:11988: result: no
configure:11998: checking if g++ supports -c -o file.o
configure:12019: g++ -c -g -O2  -o out/conftest2.o conftest.cpp >&5
configure:12023: $? = 0
configure:12045: result: yes
configure:12071: checking whether the g++ linker (/usr/bin/ld) supports shared libraries
configure:12096: result: yes
configure:12163: checking dynamic linker characteristics
configure:12772: result: GNU/Linux ld.so
configure:12781: checking how to hardcode library paths into programs
configure:12806: result: immediate
configure:18999: checking for library containing strerror
configure:19029: gcc -o conftest -g -O2   conftest.c  >&5
configure:19035: $? = 0
configure:19039: test -z 
			 || test ! -s conftest.err
configure:19042: $? = 0
configure:19045: test -s conftest
configure:19048: $? = 0
configure:19118: result: none required
configure:19171: checking for gcc
configure:19197: result: gcc
configure:19441: checking for C compiler version
configure:19444: gcc --version </dev/null >&5
gcc (GCC) 4.4.7 20120313 (Red Hat 4.4.7-3)
Copyright (C) 2010 Free Software Foundation, Inc.
This is free software; see the source for copying conditions.  There is NO
warranty; not even for MERCHANTABILITY or FITNESS FOR A PARTICULAR PURPOSE.

configure:19447: $? = 0
configure:19449: gcc -v </dev/null >&5
Using built-in specs.
Target: i686-redhat-linux
Configured with: ../configure --prefix=/usr --mandir=/usr/share/man --infodir=/usr/share/info --with-bugurl=http://bugzilla.redhat.com/bugzilla --enable-bootstrap --enable-shared --enable-threads=posix --enable-checking=release --with-system-zlib --enable-__cxa_atexit --disable-libunwind-exceptions --enable-gnu-unique-object --enable-languages=c,c++,objc,obj-c++,java,fortran,ada --enable-java-awt=gtk --disable-dssi --with-java-home=/usr/lib/jvm/java-1.5.0-gcj-1.5.0.0/jre --enable-libgcj-multifile --enable-java-maintainer-mode --with-ecj-jar=/usr/share/java/eclipse-ecj.jar --disable-libjava-multilib --with-ppl --with-cloog --with-tune=generic --with-arch=i686 --build=i686-redhat-linux
Thread model: posix
gcc version 4.4.7 20120313 (Red Hat 4.4.7-3) (GCC) 
configure:19452: $? = 0
configure:19454: gcc -V </dev/null >&5
gcc: '-V' option must have argument
configure:19457: $? = 1
configure:19460: checking whether we are using the GNU C compiler
configure:19516: result: yes
configure:19522: checking whether gcc accepts -g
configure:19573: result: yes
configure:19590: checking for gcc option to accept ANSI C
configure:19697: result: none needed
configure:19715: gcc -c -g -O2  conftest.c >&5
conftest.c:2: error: expected '=', ',', ';', 'asm' or '__attribute__' before 'me'
configure:19721: $? = 1
configure: failed program was:
| #ifndef __cplusplus
|   choke me
| #endif
configure:19856: checking dependency style of gcc
configure:19946: result: gcc3
configure:20057: checking for C++ compiler version
configure:20060: g++ --version </dev/null >&5
g++ (GCC) 4.4.7 20120313 (Red Hat 4.4.7-3)
Copyright (C) 2010 Free Software Foundation, Inc.
This is free software; see the source for copying conditions.  There is NO
warranty; not even for MERCHANTABILITY or FITNESS FOR A PARTICULAR PURPOSE.

configure:20063: $? = 0
configure:20065: g++ -v </dev/null >&5
Using built-in specs.
Target: i686-redhat-linux
Configured with: ../configure --prefix=/usr --mandir=/usr/share/man --infodir=/usr/share/info --with-bugurl=http://bugzilla.redhat.com/bugzilla --enable-bootstrap --enable-shared --enable-threads=posix --enable-checking=release --with-system-zlib --enable-__cxa_atexit --disable-libunwind-exceptions --enable-gnu-unique-object --enable-languages=c,c++,objc,obj-c++,java,fortran,ada --enable-java-awt=gtk --disable-dssi --with-java-home=/usr/lib/jvm/java-1.5.0-gcj-1.5.0.0/jre --enable-libgcj-multifile --enable-java-maintainer-mode --with-ecj-jar=/usr/share/java/eclipse-ecj.jar --disable-libjava-multilib --with-ppl --with-cloog --with-tune=generic --with-arch=i686 --build=i686-redhat-linux
Thread model: posix
gcc version 4.4.7 20120313 (Red Hat 4.4.7-3) (GCC) 
configure:20068: $? = 0
configure:20070: g++ -V </dev/null >&5
g++: '-V' option must have argument
configure:20073: $? = 1
configure:20076: checking whether we are using the GNU C++ compiler
configure:20132: result: yes
configure:20138: checking whether g++ accepts -g
configure:20189: result: yes
configure:20231: g++ -c -g -O2  conftest.cc >&5
configure:20237: $? = 0
configure:20241: test -z 
			 || test ! -s conftest.err
configure:20244: $? = 0
configure:20247: test -s conftest.o
configure:20250: $? = 0
configure:20276: g++ -c -g -O2  conftest.cc >&5
configure:20282: $? = 0
configure:20286: test -z 
			 || test ! -s conftest.err
configure:20289: $? = 0
configure:20292: test -s conftest.o
configure:20295: $? = 0
configure:20320: checking dependency style of g++
configure:20410: result: gcc3
configure:20440: checking for a BSD-compatible install
configure:20495: result: /usr/bin/install -c
configure:20506: checking whether make sets $(MAKE)
configure:20526: result: yes
configure:20543: checking for stdlib.h
configure:20548: result: yes
configure:20543: checking for unistd.h
configure:20548: result: yes
configure:20692: checking for getpagesize
configure:20749: gcc -o conftest -g -O2   conftest.c  >&5
configure:20755: $? = 0
configure:20759: test -z 
			 || test ! -s conftest.err
configure:20762: $? = 0
configure:20765: test -s conftest
configure:20768: $? = 0
configure:20780: result: yes
configure:20790: checking for working mmap
configure:20932: gcc -o conftest -g -O2   conftest.c  >&5
configure:20935: $? = 0
configure:20937: ./conftest
configure:20940: $? = 0
configure:20954: result: yes
configure:20990: checking locale.h usability
configure:21002: gcc -c -g -O2  conftest.c >&5
configure:21008: $? = 0
configure:21012: test -z 
			 || test ! -s conftest.err
configure:21015: $? = 0
configure:21018: test -s conftest.o
configure:21021: $? = 0
configure:21031: result: yes
configure:21035: checking locale.h presence
configure:21045: gcc -E  conftest.c
configure:21051: $? = 0
configure:21071: result: yes
configure:21106: checking for locale.h
configure:21113: result: yes
configure:21127: checking for LC_MESSAGES
configure:21148: gcc -o conftest -g -O2   conftest.c  >&5
configure:21154: $? = 0
configure:21158: test -z 
			 || test ! -s conftest.err
configure:21161: $? = 0
configure:21164: test -s conftest
configure:21167: $? = 0
configure:21179: result: yes
configure:21208: checking libintl.h usability
configure:21220: gcc -c -g -O2  conftest.c >&5
configure:21226: $? = 0
configure:21230: test -z 
			 || test ! -s conftest.err
configure:21233: $? = 0
configure:21236: test -s conftest.o
configure:21239: $? = 0
configure:21249: result: yes
configure:21253: checking libintl.h presence
configure:21263: gcc -E  conftest.c
configure:21269: $? = 0
configure:21289: result: yes
configure:21324: checking for libintl.h
configure:21331: result: yes
configure:21342: checking for ngettext in libc
configure:21365: gcc -o conftest -g -O2   conftest.c  >&5
configure:21371: $? = 0
configure:21375: test -z 
			 || test ! -s conftest.err
configure:21378: $? = 0
configure:21381: test -s conftest
configure:21384: $? = 0
configure:21397: result: yes
configure:21401: checking for dgettext in libc
configure:21424: gcc -o conftest -g -O2   conftest.c  >&5
configure:21430: $? = 0
configure:21434: test -z 
			 || test ! -s conftest.err
configure:21437: $? = 0
configure:21440: test -s conftest
configure:21443: $? = 0
configure:21456: result: yes
configure:21465: checking for bind_textdomain_codeset
configure:21522: gcc -o conftest -g -O2   conftest.c  >&5
configure:21528: $? = 0
configure:21532: test -z 
			 || test ! -s conftest.err
configure:21535: $? = 0
configure:21538: test -s conftest
configure:21541: $? = 0
configure:21553: result: yes
configure:22063: checking for msgfmt
configure:22090: result: /usr/bin/msgfmt
configure:22103: checking for dcgettext
configure:22160: gcc -o conftest -g -O2   conftest.c   >&5
conftest.c:58: warning: conflicting types for built-in function 'dcgettext'
configure:22166: $? = 0
configure:22170: test -z 
			 || test ! -s conftest.err
configure:22173: $? = 0
configure:22176: test -s conftest
configure:22179: $? = 0
configure:22191: result: yes
configure:22203: checking for gmsgfmt
configure:22234: result: /usr/bin/msgfmt
configure:22243: checking for xgettext
configure:22270: result: /usr/bin/xgettext
configure:22294: gcc -o conftest -g -O2   conftest.c   >&5
configure:22300: $? = 0
configure:22304: test -z 
			 || test ! -s conftest.err
configure:22307: $? = 0
configure:22310: test -s conftest
configure:22313: $? = 0
configure:22486: checking for catalogs to be installed
configure:22511: result:  cs de el fr hu hr ku mk nl pt_BR ru sk tt uk vi zh_CN zh_TW
configure:22631: checking for pkg-config
configure:22649: found /usr/bin/pkg-config
configure:22661: result: /usr/bin/pkg-config
configure:22676: checking pkg-config is at least version 0.9.0
configure:22679: result: yes
configure:22690: checking for STARDICT
configure:22698: $PKG_CONFIG --exists --print-errors "$DEP_MODULES"
configure:22701: $? = 0
configure:22716: $PKG_CONFIG --exists --print-errors "$DEP_MODULES"
configure:22719: $? = 0
configure:22795: result: yes
configure:22865: checking for gconftool-2
configure:22896: result: /usr/bin/gconftool-2
configure:22923: result: Using config source xml:merged:/etc/gconf/gconf.xml.defaults for schema installation
configure:22938: result: Using $(sysconfdir)/gconf/schemas as install directory for schema files
configure:22985: checking for poptStrippedArgv in -lpopt
configure:23015: gcc -o conftest -g -O2   conftest.c -lpopt   >&5
configure:23021: $? = 0
configure:23025: test -z 
			 || test ! -s conftest.err
configure:23028: $? = 0
configure:23031: test -s conftest
configure:23034: $? = 0
configure:23047: result: yes
configure:23071: checking for zlibVersion in -lz
configure:23101: gcc -o conftest -g -O2   conftest.c -lz  -lpopt  >&5
configure:23107: $? = 0
configure:23111: test -z 
			 || test ! -s conftest.err
configure:23114: $? = 0
configure:23117: test -s conftest
configure:23120: $? = 0
configure:23133: result: yes
configure:23147: checking for X
configure:23252: gcc -E  conftest.c
configure:23258: $? = 0
configure:23308: gcc -o conftest -g -O2   conftest.c -lXt -lpopt  >&5
/usr/bin/ld: cannot find -lXt
collect2: ld returned 1 exit status
configure:23314: $? = 1
configure: failed program was:
| /* confdefs.h.  */
| 
| #define PACKAGE_NAME "stardict"
| #define PACKAGE_TARNAME "stardict"
| #define PACKAGE_VERSION "2.4.8"
| #define PACKAGE_STRING "stardict 2.4.8"
| #define PACKAGE_BUGREPORT "http://stardict.sourceforge.net"
| #define PACKAGE "stardict"
| #define VERSION "2.4.8"
| #define STDC_HEADERS 1
| #define HAVE_SYS_TYPES_H 1
| #define HAVE_SYS_STAT_H 1
| #define HAVE_STDLIB_H 1
| #define HAVE_STRING_H 1
| #define HAVE_MEMORY_H 1
| #define HAVE_STRINGS_H 1
| #define HAVE_INTTYPES_H 1
| #define HAVE_STDINT_H 1
| #define HAVE_UNISTD_H 1
| #define HAVE_DLFCN_H 1
| #ifdef __cplusplus
| extern "C" void exit (int) throw ();
| #endif
| #define HAVE_STDLIB_H 1
| #define HAVE_UNISTD_H 1
| #define HAVE_GETPAGESIZE 1
| #define HAVE_MMAP 1
| #define GETTEXT_PACKAGE "stardict"
| #define HAVE_LOCALE_H 1
| #define HAVE_LC_MESSAGES 1
| #define HAVE_BIND_TEXTDOMAIN_CODESET 1
| #define HAVE_GETTEXT 1
| #define HAVE_DCGETTEXT 1
| #define ENABLE_NLS 1
| #define CONFIG_GNOME
| #define HAVE_LIBPOPT 1
| /* end confdefs.h.  */
| #include <X11/Xlib.h>
| int
| main ()
| {
| XrmInitialize ()
|   ;
|   return 0;
| }
configure:23367: result: no
configure:24550: checking for main in -lX11
configure:24574: gcc -o conftest -g -O2   conftest.c -lX11  -lpopt  >&5
configure:24580: $? = 0
configure:24584: test -z 
			 || test ! -s conftest.err
configure:24587: $? = 0
configure:24590: test -s conftest
configure:24593: $? = 0
configure:24606: result: yes
configure:24824: creating ./config.status

## ---------------------- ##
## Running config.status. ##
## ---------------------- ##

This file was extended by stardict config.status 2.4.8, which was
generated by GNU Autoconf 2.59.  Invocation command line was

  CONFIG_FILES    = 
  CONFIG_HEADERS  = 
  CONFIG_LINKS    = 
  CONFIG_COMMANDS = 
  $ ./config.status 

on myredhat

config.status:814: creating Makefile
config.status:814: creating stardict.spec
config.status:814: creating stardict-withoutgnome.spec
config.status:814: creating data/Makefile
config.status:814: creating doc/Makefile
config.status:814: creating po/Makefile.in
config.status:814: creating src/Makefile
config.status:814: creating src/lib/Makefile
config.status:814: creating src/pixmaps/Makefile
config.status:814: creating src/sounds/Makefile
config.status:814: creating src/win32/Makefile
config.status:814: creating src/win32/acrobat/Makefile
config.status:814: creating src/win32/acrobat/sources/Makefile
config.status:814: creating src/win32/acrobat/win32/Makefile
config.status:814: creating src/win32/nsis/Makefile
config.status:814: creating tests/Makefile
config.status:814: creating pixmaps/Makefile
config.status:814: creating help/Makefile
config.status:814: creating help/C/Makefile
config.status:814: creating help/zh_CN/Makefile
config.status:814: creating help/zh_TW/Makefile
config.status:814: creating help/ru/Makefile
config.status:814: creating help/mk/Makefile
config.status:814: creating help/nl/Makefile
config.status:814: creating help/uk/Makefile
config.status:918: creating config.h
config.status:1236: executing intltool commands
config.status:1236: executing depfiles commands
config.status:1236: executing default-1 commands
config.status:1236: executing po/stamp-it commands

## ---------------- ##
## Cache variables. ##
## ---------------- ##

ac_cv_build=i686-redhat-linux-gnu
ac_cv_build_alias=i686-redhat-linux-gnu
ac_cv_c_compiler_gnu=yes
ac_cv_cxx_compiler_gnu=yes
ac_cv_env_CC_set=
ac_cv_env_CC_value=
ac_cv_env_CFLAGS_set=
ac_cv_env_CFLAGS_value=
ac_cv_env_CPPFLAGS_set=
ac_cv_env_CPPFLAGS_value=
ac_cv_env_CPP_set=
ac_cv_env_CPP_value=
ac_cv_env_CXXCPP_set=
ac_cv_env_CXXCPP_value=
ac_cv_env_CXXFLAGS_set=
ac_cv_env_CXXFLAGS_value=
ac_cv_env_CXX_set=
ac_cv_env_CXX_value=
ac_cv_env_F77_set=
ac_cv_env_F77_value=
ac_cv_env_FFLAGS_set=
ac_cv_env_FFLAGS_value=
ac_cv_env_LDFLAGS_set=
ac_cv_env_LDFLAGS_value=
ac_cv_env_PKG_CONFIG_set=
ac_cv_env_PKG_CONFIG_value=
ac_cv_env_STARDICT_CFLAGS_set=
ac_cv_env_STARDICT_CFLAGS_value=
ac_cv_env_STARDICT_LIBS_set=
ac_cv_env_STARDICT_LIBS_value=
ac_cv_env_build_alias_set=
ac_cv_env_build_alias_value=
ac_cv_env_host_alias_set=
ac_cv_env_host_alias_value=
ac_cv_env_target_alias_set=
ac_cv_env_target_alias_value=
ac_cv_exeext=
ac_cv_f77_compiler_gnu=no
ac_cv_func_bind_textdomain_codeset=yes
ac_cv_func_dcgettext=yes
ac_cv_func_getpagesize=yes
ac_cv_func_mmap_fixed_mapped=yes
ac_cv_have_x=have_x=no
ac_cv_header_dlfcn_h=yes
ac_cv_header_inttypes_h=yes
ac_cv_header_libintl_h=yes
ac_cv_header_locale_h=yes
ac_cv_header_memory_h=yes
ac_cv_header_stdc=yes
ac_cv_header_stdint_h=yes
ac_cv_header_stdlib_h=yes
ac_cv_header_string_h=yes
ac_cv_header_strings_h=yes
ac_cv_header_sys_stat_h=yes
ac_cv_header_sys_types_h=yes
ac_cv_header_unistd_h=yes
ac_cv_host=i686-redhat-linux-gnu
ac_cv_host_alias=i686-redhat-linux-gnu
ac_cv_lib_X11_main=yes
ac_cv_lib_popt_poptStrippedArgv=yes
ac_cv_lib_z_zlibVersion=yes
ac_cv_objext=o
ac_cv_path_GCONFTOOL=/usr/bin/gconftool-2
ac_cv_path_GMSGFMT=/usr/bin/msgfmt
ac_cv_path_INTLTOOL_ICONV=/usr/bin/iconv
ac_cv_path_INTLTOOL_MSGFMT=/usr/bin/msgfmt
ac_cv_path_INTLTOOL_MSGMERGE=/usr/bin/msgmerge
ac_cv_path_INTLTOOL_PERL=/usr/bin/perl
ac_cv_path_INTLTOOL_XGETTEXT=/usr/bin/xgettext
ac_cv_path_MSGFMT=/usr/bin/msgfmt
ac_cv_path_XGETTEXT=/usr/bin/xgettext
ac_cv_path_ac_pt_PKG_CONFIG=/usr/bin/pkg-config
ac_cv_path_install='/usr/bin/install -c'
ac_cv_prog_AWK=gawk
ac_cv_prog_CPP='gcc -E'
ac_cv_prog_CXXCPP='g++ -E'
ac_cv_prog_ac_ct_AR=ar
ac_cv_prog_ac_ct_CC=gcc
ac_cv_prog_ac_ct_CXX=g++
ac_cv_prog_ac_ct_RANLIB=ranlib
ac_cv_prog_ac_ct_STRIP=strip
ac_cv_prog_cc_g=yes
ac_cv_prog_cc_stdc=
ac_cv_prog_cxx_g=yes
ac_cv_prog_egrep='grep -E'
ac_cv_prog_f77_g=no
ac_cv_prog_make_make_set=yes
ac_cv_search_strerror='none required'
am_cv_CC_dependencies_compiler_type=gcc3
am_cv_CXX_dependencies_compiler_type=gcc3
am_cv_val_LC_MESSAGES=yes
gt_cv_func_dgettext_libc=yes
gt_cv_func_dgettext_libintl=no
gt_cv_func_ngettext_libc=yes
gt_cv_have_gettext=yes
lt_cv_deplibs_check_method=pass_all
lt_cv_file_magic_cmd='$MAGIC_CMD'
lt_cv_file_magic_test_file=
lt_cv_ld_reload_flag=-r
lt_cv_objdir=.libs
lt_cv_path_LD=/usr/bin/ld
lt_cv_path_LDCXX=/usr/bin/ld
lt_cv_path_NM='/usr/bin/nm -B'
lt_cv_path_SED=/bin/sed
lt_cv_prog_compiler_c_o=yes
lt_cv_prog_compiler_c_o_CXX=yes
lt_cv_prog_compiler_rtti_exceptions=no
lt_cv_prog_gnu_ld=yes
lt_cv_prog_gnu_ldcxx=yes
lt_cv_sys_global_symbol_pipe='sed -n -e '\''s/^.*[ 	]\([ABCDGIRSTW][ABCDGIRSTW]*\)[ 	][ 	]*\([_A-Za-z][_A-Za-z0-9]*\)$/\1 \2 \2/p'\'''
lt_cv_sys_global_symbol_to_c_name_address='sed -n -e '\''s/^: \([^ ]*\) $/  {\"\1\", (lt_ptr) 0},/p'\'' -e '\''s/^[BCDEGRST] \([^ ]*\) \([^ ]*\)$/  {"\2", (lt_ptr) \&\2},/p'\'''
lt_cv_sys_global_symbol_to_cdecl='sed -n -e '\''s/^. .* \(.*\)$/extern int \1;/p'\'''
lt_cv_sys_max_cmd_len=32768
lt_lt_cv_prog_compiler_c_o='"yes"'
lt_lt_cv_prog_compiler_c_o_CXX='"yes"'
lt_lt_cv_sys_global_symbol_pipe='"sed -n -e '\''s/^.*[ 	]\\([ABCDGIRSTW][ABCDGIRSTW]*\\)[ 	][ 	]*\\([_A-Za-z][_A-Za-z0-9]*\\)\$/\\1 \\2 \\2/p'\''"'
lt_lt_cv_sys_global_symbol_to_c_name_address='"sed -n -e '\''s/^: \\([^ ]*\\) \$/  {\\\"\\1\\\", (lt_ptr) 0},/p'\'' -e '\''s/^[BCDEGRST] \\([^ ]*\\) \\([^ ]*\\)\$/  {\"\\2\", (lt_ptr) \\&\\2},/p'\''"'
lt_lt_cv_sys_global_symbol_to_cdecl='"sed -n -e '\''s/^. .* \\(.*\\)\$/extern int \\1;/p'\''"'
pkg_cv_STARDICT_CFLAGS='-DORBIT2=1 -pthread -I/usr/include/libgnomeui-2.0 -I/usr/include/libart-2.0 -I/usr/include/gconf/2 -I/usr/include/gnome-keyring-1 -I/usr/include/libgnome-2.0 -I/usr/include/libbonoboui-2.0 -I/usr/include/libgnomecanvas-2.0 -I/usr/include/gtk-2.0 -I/usr/include/gnome-vfs-2.0 -I/usr/lib/gnome-vfs-2.0/include -I/usr/include/orbit-2.0 -I/usr/include/dbus-1.0 -I/usr/lib/dbus-1.0/include -I/usr/include/glib-2.0 -I/usr/lib/glib-2.0/include -I/usr/include/libbonobo-2.0 -I/usr/include/bonobo-activation-2.0 -I/usr/include/libxml2 -I/usr/include/pango-1.0 -I/usr/include/gail-1.0 -I/usr/include/freetype2 -I/usr/include/atk-1.0 -I/usr/lib/gtk-2.0/include -I/usr/include/cairo -I/usr/include/pixman-1 -I/usr/include/libpng12  '
pkg_cv_STARDICT_LIBS='-pthread -lgnomeui-2 -lSM -lICE -lbonoboui-2 -lgnomevfs-2 -lgnomecanvas-2 -lgnome-2 -lpopt -lbonobo-2 -lbonobo-activation -lORBit-2 -lart_lgpl_2 -lgtk-x11-2.0 -lgdk-x11-2.0 -latk-1.0 -lgio-2.0 -lpangoft2-1.0 -lgdk_pixbuf-2.0 -lpangocairo-1.0 -lcairo -lpango-1.0 -lfreetype -lfontconfig -lgconf-2 -lgthread-2.0 -lrt -lgmodule-2.0 -lgobject-2.0 -lglib-2.0  '

## ----------------- ##
## Output variables. ##
## ----------------- ##

ACLOCAL='${SHELL} /home/chenfeng/chenfeng/softs/stardict-2.4.8/missing --run aclocal-1.9'
AMDEPBACKSLASH='\'
AMDEP_FALSE='#'
AMDEP_TRUE=''
AMTAR='${SHELL} /home/chenfeng/chenfeng/softs/stardict-2.4.8/missing --run tar'
AR='ar'
AUTOCONF='${SHELL} /home/chenfeng/chenfeng/softs/stardict-2.4.8/missing --run autoconf'
AUTOHEADER='${SHELL} /home/chenfeng/chenfeng/softs/stardict-2.4.8/missing --run autoheader'
AUTOMAKE='${SHELL} /home/chenfeng/chenfeng/softs/stardict-2.4.8/missing --run automake-1.9'
AWK='gawk'
BONOBO_ACTIVATION_IDL='/usr/share/idl/bonobo-activation-2.0'
CATALOGS=' cs.gmo de.gmo el.gmo fr.gmo hu.gmo hr.gmo ku.gmo mk.gmo nl.gmo pt_BR.gmo ru.gmo sk.gmo tt.gmo uk.gmo vi.gmo zh_CN.gmo zh_TW.gmo'
CATOBJEXT='.gmo'
CC='gcc'
CCDEPMODE='depmode=gcc3'
CFLAGS='-g -O2'
CPP='gcc -E'
CPPFLAGS=''
CXX='g++'
CXXCPP='g++ -E'
CXXDEPMODE='depmode=gcc3'
CXXFLAGS='-g -O2'
CYGPATH_W='echo'
DATADIRNAME='share'
DEFS='-DHAVE_CONFIG_H'
DEPDIR='.deps'
ECHO='echo'
ECHO_C=''
ECHO_N='-n'
ECHO_T=''
EGREP='grep -E'
EXEEXT=''
F77=''
FFLAGS=''
GCONFTOOL='/usr/bin/gconftool-2'
GCONF_SCHEMAS_INSTALL_FALSE='#'
GCONF_SCHEMAS_INSTALL_TRUE=''
GCONF_SCHEMA_CONFIG_SOURCE='xml:merged:/etc/gconf/gconf.xml.defaults'
GCONF_SCHEMA_FILE_DIR='$(sysconfdir)/gconf/schemas'
GETTEXT_PACKAGE='stardict'
GMOFILES=' cs.gmo de.gmo el.gmo fr.gmo hu.gmo hr.gmo ku.gmo mk.gmo nl.gmo pt_BR.gmo ru.gmo sk.gmo tt.gmo uk.gmo vi.gmo zh_CN.gmo zh_TW.gmo'
GMSGFMT='/usr/bin/msgfmt'
GNOME_SUPPORT_FALSE='#'
GNOME_SUPPORT_TRUE=''
GPE_SUPPORT_FALSE=''
GPE_SUPPORT_TRUE='#'
INSTALL_DATA='${INSTALL} -m 644'
INSTALL_PROGRAM='${INSTALL}'
INSTALL_SCRIPT='${INSTALL}'
INSTALL_STRIP_PROGRAM='${SHELL} $(install_sh) -c -s'
INSTOBJEXT='.mo'
INTLLIBS=''
INTLTOOL_CAVES_RULE='%.caves:     %.caves.in     $(INTLTOOL_MERGE) $(wildcard $(top_srcdir)/po/*.po) ; LC_ALL=C $(INTLTOOL_MERGE) -d -u -c $(top_builddir)/po/.intltool-merge-cache $(top_srcdir)/po $< $@'
INTLTOOL_DESKTOP_RULE='%.desktop:   %.desktop.in   $(INTLTOOL_MERGE) $(wildcard $(top_srcdir)/po/*.po) ; LC_ALL=C $(INTLTOOL_MERGE) -d -u -c $(top_builddir)/po/.intltool-merge-cache $(top_srcdir)/po $< $@'
INTLTOOL_DIRECTORY_RULE='%.directory: %.directory.in $(INTLTOOL_MERGE) $(wildcard $(top_srcdir)/po/*.po) ; LC_ALL=C $(INTLTOOL_MERGE) -d -u -c $(top_builddir)/po/.intltool-merge-cache $(top_srcdir)/po $< $@'
INTLTOOL_EXTRACT='$(top_builddir)/intltool-extract'
INTLTOOL_ICONV='/usr/bin/iconv'
INTLTOOL_KBD_RULE='%.kbd:       %.kbd.in       $(INTLTOOL_MERGE) $(wildcard $(top_srcdir)/po/*.po) ; LC_ALL=C $(INTLTOOL_MERGE) -x -u -m -c $(top_builddir)/po/.intltool-merge-cache $(top_srcdir)/po $< $@'
INTLTOOL_KEYS_RULE='%.keys:      %.keys.in      $(INTLTOOL_MERGE) $(wildcard $(top_srcdir)/po/*.po) ; LC_ALL=C $(INTLTOOL_MERGE) -k -u -c $(top_builddir)/po/.intltool-merge-cache $(top_srcdir)/po $< $@'
INTLTOOL_MERGE='$(top_builddir)/intltool-merge'
INTLTOOL_MSGFMT='/usr/bin/msgfmt'
INTLTOOL_MSGMERGE='/usr/bin/msgmerge'
INTLTOOL_OAF_RULE='%.oaf:       %.oaf.in       $(INTLTOOL_MERGE) $(wildcard $(top_srcdir)/po/*.po) ; LC_ALL=C $(INTLTOOL_MERGE) -o -p $(top_srcdir)/po $< $@'
INTLTOOL_PERL='/usr/bin/perl'
INTLTOOL_PONG_RULE='%.pong:      %.pong.in      $(INTLTOOL_MERGE) $(wildcard $(top_srcdir)/po/*.po) ; LC_ALL=C $(INTLTOOL_MERGE) -x -u -c $(top_builddir)/po/.intltool-merge-cache $(top_srcdir)/po $< $@'
INTLTOOL_PROP_RULE='%.prop:      %.prop.in      $(INTLTOOL_MERGE) $(wildcard $(top_srcdir)/po/*.po) ; LC_ALL=C $(INTLTOOL_MERGE) -d -u -c $(top_builddir)/po/.intltool-merge-cache $(top_srcdir)/po $< $@'
INTLTOOL_SCHEMAS_RULE='%.schemas:   %.schemas.in   $(INTLTOOL_MERGE) $(wildcard $(top_srcdir)/po/*.po) ; LC_ALL=C $(INTLTOOL_MERGE) -s -u -c $(top_builddir)/po/.intltool-merge-cache $(top_srcdir)/po $< $@'
INTLTOOL_SERVER_RULE='%.server:    %.server.in    $(INTLTOOL_MERGE) $(wildcard $(top_srcdir)/po/*.po) ; LC_ALL=C $(INTLTOOL_MERGE) -o -u -c $(top_builddir)/po/.intltool-merge-cache $(top_srcdir)/po $< $@'
INTLTOOL_SERVICE_RULE='%.service: %.service.in   $(INTLTOOL_MERGE) $(wildcard $(top_srcdir)/po/*.po) ; LC_ALL=C $(INTLTOOL_MERGE) -d -u -c $(top_builddir)/po/.intltool-merge-cache $(top_srcdir)/po $< $@'
INTLTOOL_SHEET_RULE='%.sheet:     %.sheet.in     $(INTLTOOL_MERGE) $(wildcard $(top_srcdir)/po/*.po) ; LC_ALL=C $(INTLTOOL_MERGE) -x -u -c $(top_builddir)/po/.intltool-merge-cache $(top_srcdir)/po $< $@'
INTLTOOL_SOUNDLIST_RULE='%.soundlist: %.soundlist.in $(INTLTOOL_MERGE) $(wildcard $(top_srcdir)/po/*.po) ; LC_ALL=C $(INTLTOOL_MERGE) -d -u -c $(top_builddir)/po/.intltool-merge-cache $(top_srcdir)/po $< $@'
INTLTOOL_THEME_RULE='%.theme:     %.theme.in     $(INTLTOOL_MERGE) $(wildcard $(top_srcdir)/po/*.po) ; LC_ALL=C $(INTLTOOL_MERGE) -d -u -c $(top_builddir)/po/.intltool-merge-cache $(top_srcdir)/po $< $@'
INTLTOOL_UI_RULE='%.ui:        %.ui.in        $(INTLTOOL_MERGE) $(wildcard $(top_srcdir)/po/*.po) ; LC_ALL=C $(INTLTOOL_MERGE) -x -u -c $(top_builddir)/po/.intltool-merge-cache $(top_srcdir)/po $< $@'
INTLTOOL_UPDATE='$(top_builddir)/intltool-update'
INTLTOOL_XAM_RULE='%.xam:       %.xml.in       $(INTLTOOL_MERGE) $(wildcard $(top_srcdir)/po/*.po) ; LC_ALL=C $(INTLTOOL_MERGE) -x -u -c $(top_builddir)/po/.intltool-merge-cache $(top_srcdir)/po $< $@'
INTLTOOL_XGETTEXT='/usr/bin/xgettext'
INTLTOOL_XML_NOMERGE_RULE='%.xml:       %.xml.in       $(INTLTOOL_MERGE) ; LC_ALL=C $(INTLTOOL_MERGE) -x -u /tmp $< $@'
INTLTOOL_XML_RULE='%.xml:       %.xml.in       $(INTLTOOL_MERGE) $(wildcard $(top_srcdir)/po/*.po) ; LC_ALL=C $(INTLTOOL_MERGE) -x -u -c $(top_builddir)/po/.intltool-merge-cache $(top_srcdir)/po $< $@'
LDFLAGS=''
LIBBONOBO_IDL='/usr/share/idl/bonobo-2.0'
LIBOBJS=''
LIBS='-lX11 -lpopt '
LIBTOOL='$(SHELL) $(top_builddir)/libtool'
LN_S='ln -s'
LTLIBOBJS=''
MAINT='#'
MAINTAINER_MODE_FALSE=''
MAINTAINER_MODE_TRUE='#'
MAKEINFO='${SHELL} /home/chenfeng/chenfeng/softs/stardict-2.4.8/missing --run makeinfo'
MKINSTALLDIRS='./mkinstalldirs'
MSGFMT='/usr/bin/msgfmt'
OBJEXT='o'
ORBIT_IDL='/usr/bin/orbit-idl-2'
PACKAGE='stardict'
PACKAGE_BUGREPORT='http://stardict.sourceforge.net'
PACKAGE_NAME='stardict'
PACKAGE_STRING='stardict 2.4.8'
PACKAGE_TARNAME='stardict'
PACKAGE_VERSION='2.4.8'
PATH_SEPARATOR=':'
PKG_CONFIG='/usr/bin/pkg-config'
POFILES=' cs.po de.po el.po fr.po hu.po hr.po ku.po mk.po nl.po pt_BR.po ru.po sk.po tt.po uk.po vi.po zh_CN.po zh_TW.po'
POSUB='po'
PO_IN_DATADIR_FALSE=''
PO_IN_DATADIR_TRUE=''
RANLIB='ranlib'
SCHEMAS_INSTALL_FALSE=''
SCHEMAS_INSTALL_TRUE='#'
SET_MAKE=''
SHELL='/bin/sh'
STARDICT_CFLAGS='-Wall -DORBIT2=1 -pthread -I/usr/include/libgnomeui-2.0 -I/usr/include/libart-2.0 -I/usr/include/gconf/2 -I/usr/include/gnome-keyring-1 -I/usr/include/libgnome-2.0 -I/usr/include/libbonoboui-2.0 -I/usr/include/libgnomecanvas-2.0 -I/usr/include/gtk-2.0 -I/usr/include/gnome-vfs-2.0 -I/usr/lib/gnome-vfs-2.0/include -I/usr/include/orbit-2.0 -I/usr/include/dbus-1.0 -I/usr/lib/dbus-1.0/include -I/usr/include/glib-2.0 -I/usr/lib/glib-2.0/include -I/usr/include/libbonobo-2.0 -I/usr/include/bonobo-activation-2.0 -I/usr/include/libxml2 -I/usr/include/pango-1.0 -I/usr/include/gail-1.0 -I/usr/include/freetype2 -I/usr/include/atk-1.0 -I/usr/lib/gtk-2.0/include -I/usr/include/cairo -I/usr/include/pixman-1 -I/usr/include/libpng12  '
STARDICT_LIBS='-pthread -lgnomeui-2 -lSM -lICE -lbonoboui-2 -lgnomevfs-2 -lgnomecanvas-2 -lgnome-2 -lpopt -lbonobo-2 -lbonobo-activation -lORBit-2 -lart_lgpl_2 -lgtk-x11-2.0 -lgdk-x11-2.0 -latk-1.0 -lgio-2.0 -lpangoft2-1.0 -lgdk_pixbuf-2.0 -lpangocairo-1.0 -lcairo -lpango-1.0 -lfreetype -lfontconfig -lgconf-2 -lgthread-2.0 -lrt -lgmodule-2.0 -lgobject-2.0 -lglib-2.0   -lz'
STRIP='strip'
USE_NLS='yes'
VERSION='2.4.8'
XGETTEXT='/usr/bin/xgettext'
X_CFLAGS=''
X_EXTRA_LIBS=''
X_LIBS=''
X_PRE_LIBS=''
ac_ct_AR='ar'
ac_ct_CC='gcc'
ac_ct_CXX='g++'
ac_ct_F77=''
ac_ct_RANLIB='ranlib'
ac_ct_STRIP='strip'
ac_pt_PKG_CONFIG='/usr/bin/pkg-config'
am__fastdepCC_FALSE='#'
am__fastdepCC_TRUE=''
am__fastdepCXX_FALSE='#'
am__fastdepCXX_TRUE=''
am__include='include'
am__leading_dot='.'
am__quote=''
am__tar='${AMTAR} chof - "$$tardir"'
am__untar='${AMTAR} xf -'
bindir='${exec_prefix}/bin'
build='i686-redhat-linux-gnu'
build_alias=''
build_cpu='i686'
build_os='linux-gnu'
build_vendor='redhat'
datadir='${prefix}/share'
exec_prefix='${prefix}'
host='i686-redhat-linux-gnu'
host_alias=''
host_cpu='i686'
host_os='linux-gnu'
host_vendor='redhat'
includedir='${prefix}/include'
infodir='${prefix}/info'
install_sh='/home/chenfeng/chenfeng/softs/stardict-2.4.8/install-sh'
libdir='${exec_prefix}/lib'
libexecdir='${exec_prefix}/libexec'
localstatedir='${prefix}/var'
mandir='${prefix}/man'
mkdir_p='mkdir -p --'
oldincludedir='/usr/include'
prefix='/usr/local'
program_transform_name='s,x,x,'
sbindir='${exec_prefix}/sbin'
sharedstatedir='${prefix}/com'
sysconfdir='${prefix}/etc'
target_alias=''

## ----------- ##
## confdefs.h. ##
## ----------- ##

#define CONFIG_GNOME
#define ENABLE_NLS 1
#define GETTEXT_PACKAGE "stardict"
#define HAVE_BIND_TEXTDOMAIN_CODESET 1
#define HAVE_DCGETTEXT 1
#define HAVE_DLFCN_H 1
#define HAVE_GETPAGESIZE 1
#define HAVE_GETTEXT 1
#define HAVE_INTTYPES_H 1
#define HAVE_LC_MESSAGES 1
#define HAVE_LIBPOPT 1
#define HAVE_LIBX11 1
#define HAVE_LOCALE_H 1
#define HAVE_MEMORY_H 1
#define HAVE_MMAP 1
#define HAVE_STDINT_H 1
#define HAVE_STDLIB_H 1
#define HAVE_STDLIB_H 1
#define HAVE_STRINGS_H 1
#define HAVE_STRING_H 1
#define HAVE_SYS_STAT_H 1
#define HAVE_SYS_TYPES_H 1
#define HAVE_UNISTD_H 1
#define HAVE_UNISTD_H 1
#define PACKAGE "stardict"
#define PACKAGE_BUGREPORT "http://stardict.sourceforge.net"
#define PACKAGE_NAME "stardict"
#define PACKAGE_STRING "stardict 2.4.8"
#define PACKAGE_TARNAME "stardict"
#define PACKAGE_VERSION "2.4.8"
#define STDC_HEADERS 1
#define VERSION "2.4.8"
#define X_DISPLAY_MISSING 1
#endif
#ifdef __cplusplus
extern "C" void exit (int) throw ();

configure: exit 0
